---------------------------------------------------------------
[ 2019-02-14T08:56:11+08:00 ] 127.0.0.1 GET a.fast.nmb/admin/market/stock/add/index?search=2&sort=id&order=desc&offset=0&limit=10&filter=%7B%7D&op=%7B%7D&_=1550057673243
[ sql ] [ DB ] CONNECT:[ UseTime:0.010000s ] mysql:host=127.0.0.1;dbname=fastadmin;charset=utf8
[ sql ] [ SQL ] SHOW COLUMNS FROM `fa_auth_group_access` [ RunTime:0.003000s ]
[ sql ] [ SQL ] SELECT `aga`.`uid`,`aga`.`group_id`,`ag`.`id`,`ag`.`pid`,`ag`.`name`,`ag`.`rules` FROM `fa_auth_group_access` `aga` LEFT JOIN `fa_auth_group` `ag` ON `aga`.`group_id`=`ag`.`id` WHERE  (  aga.uid='1' and ag.status='normal' ) [ RunTime:0.001000s ]
[ sql ] [ SQL ] SHOW COLUMNS FROM `fa_auth_rule` [ RunTime:0.003000s ]
[ sql ] [ SQL ] SELECT `id`,`pid`,`condition`,`icon`,`name`,`title`,`ismenu` FROM `fa_auth_rule` WHERE  `status` = 'normal' [ RunTime:0.001000s ]
[ sql ] [ SQL ] SHOW COLUMNS FROM `fa_market_stock_add` [ RunTime:0.003000s ]
[ sql ] [ SQL ] SHOW COLUMNS FROM `fa_admin` [ RunTime:0.003000s ]
[ sql ] [ SQL ] SHOW COLUMNS FROM `fa_market_good_category` [ RunTime:0.003000s ]
[ sql ] [ SQL ] SHOW COLUMNS FROM `fa_market_supplier` [ RunTime:0.003000s ]
[ sql ] [ SQL ] SELECT COUNT(*) AS tp_count FROM `fa_market_stock_add` `add` LEFT JOIN `fa_admin` `admin` ON `add`.`admin_id`=`admin`.`id` LEFT JOIN `fa_market_good_category` `category` ON `add`.`good_category_id`=`category`.`id` LEFT JOIN `fa_market_supplier` `supplier` ON `add`.`supplier_id`=`supplier`.`id` WHERE  (  `add`.`id` LIKE '%2%' ) ORDER BY `add`.`id` DESC LIMIT 1 [ RunTime:0.000000s ]
[ sql ] [ SQL ] SELECT `add`.`id`,`add`.`good_id`,`add`.`num`,`add`.`name`,`add`.`good_category_id`,`add`.`buy_price`,`add`.`add_stock`,`add`.`supplier_id`,`add`.`admin_id`,`add`.`remark`,`add`.`createtime`,admin.id AS admin__id,admin.username AS admin__username,admin.nickname AS admin__nickname,admin.password AS admin__password,admin.salt AS admin__salt,admin.avatar AS admin__avatar,admin.email AS admin__email,admin.loginfailure AS admin__loginfailure,admin.logintime AS admin__logintime,admin.createtime AS admin__createtime,admin.updatetime AS admin__updatetime,admin.token AS admin__token,admin.status AS admin__status,category.id AS category__id,category.name AS category__name,supplier.id AS supplier__id,supplier.num AS supplier__num,supplier.company AS supplier__company,supplier.name AS supplier__name,supplier.tel AS supplier__tel,supplier.address AS supplier__address,supplier.products AS supplier__products,supplier.createtime AS supplier__createtime,supplier.updatetime AS supplier__updatetime FROM `fa_market_stock_add` `add` LEFT JOIN `fa_admin` `admin` ON `add`.`admin_id`=`admin`.`id` LEFT JOIN `fa_market_good_category` `category` ON `add`.`good_category_id`=`category`.`id` LEFT JOIN `fa_market_supplier` `supplier` ON `add`.`supplier_id`=`supplier`.`id` WHERE  (  `add`.`id` LIKE '%2%' ) ORDER BY `add`.`id` DESC LIMIT 0,10 [ RunTime:0.001000s ]
---------------------------------------------------------------
[ 2019-02-14T08:56:19+08:00 ] 127.0.0.1 GET a.fast.nmb/admin/market/stock/add/index?search=&sort=id&order=desc&offset=0&limit=10&filter=%7B%7D&op=%7B%7D&_=1550057673244
[ sql ] [ DB ] CONNECT:[ UseTime:0.014000s ] mysql:host=127.0.0.1;dbname=fastadmin;charset=utf8
[ sql ] [ SQL ] SHOW COLUMNS FROM `fa_auth_group_access` [ RunTime:0.003000s ]
[ sql ] [ SQL ] SELECT `aga`.`uid`,`aga`.`group_id`,`ag`.`id`,`ag`.`pid`,`ag`.`name`,`ag`.`rules` FROM `fa_auth_group_access` `aga` LEFT JOIN `fa_auth_group` `ag` ON `aga`.`group_id`=`ag`.`id` WHERE  (  aga.uid='1' and ag.status='normal' ) [ RunTime:0.000000s ]
[ sql ] [ SQL ] SHOW COLUMNS FROM `fa_auth_rule` [ RunTime:0.003000s ]
[ sql ] [ SQL ] SELECT `id`,`pid`,`condition`,`icon`,`name`,`title`,`ismenu` FROM `fa_auth_rule` WHERE  `status` = 'normal' [ RunTime:0.001000s ]
[ sql ] [ SQL ] SHOW COLUMNS FROM `fa_market_stock_add` [ RunTime:0.003000s ]
[ sql ] [ SQL ] SHOW COLUMNS FROM `fa_admin` [ RunTime:0.002000s ]
[ sql ] [ SQL ] SHOW COLUMNS FROM `fa_market_good_category` [ RunTime:0.003000s ]
[ sql ] [ SQL ] SHOW COLUMNS FROM `fa_market_supplier` [ RunTime:0.003000s ]
[ sql ] [ SQL ] SELECT COUNT(*) AS tp_count FROM `fa_market_stock_add` `add` LEFT JOIN `fa_admin` `admin` ON `add`.`admin_id`=`admin`.`id` LEFT JOIN `fa_market_good_category` `category` ON `add`.`good_category_id`=`category`.`id` LEFT JOIN `fa_market_supplier` `supplier` ON `add`.`supplier_id`=`supplier`.`id` ORDER BY `add`.`id` DESC LIMIT 1 [ RunTime:0.003000s ]
[ sql ] [ SQL ] SELECT `add`.`id`,`add`.`good_id`,`add`.`num`,`add`.`name`,`add`.`good_category_id`,`add`.`buy_price`,`add`.`add_stock`,`add`.`supplier_id`,`add`.`admin_id`,`add`.`remark`,`add`.`createtime`,admin.id AS admin__id,admin.username AS admin__username,admin.nickname AS admin__nickname,admin.password AS admin__password,admin.salt AS admin__salt,admin.avatar AS admin__avatar,admin.email AS admin__email,admin.loginfailure AS admin__loginfailure,admin.logintime AS admin__logintime,admin.createtime AS admin__createtime,admin.updatetime AS admin__updatetime,admin.token AS admin__token,admin.status AS admin__status,category.id AS category__id,category.name AS category__name,supplier.id AS supplier__id,supplier.num AS supplier__num,supplier.company AS supplier__company,supplier.name AS supplier__name,supplier.tel AS supplier__tel,supplier.address AS supplier__address,supplier.products AS supplier__products,supplier.createtime AS supplier__createtime,supplier.updatetime AS supplier__updatetime FROM `fa_market_stock_add` `add` LEFT JOIN `fa_admin` `admin` ON `add`.`admin_id`=`admin`.`id` LEFT JOIN `fa_market_good_category` `category` ON `add`.`good_category_id`=`category`.`id` LEFT JOIN `fa_market_supplier` `supplier` ON `add`.`supplier_id`=`supplier`.`id` ORDER BY `add`.`id` DESC LIMIT 0,10 [ RunTime:0.003000s ]
